d:\audiobeatgenerator\vsoutput\x64\release\vc141.pdb
d:\audiobeatgenerator\x64\release\yin.obj
d:\audiobeatgenerator\x64\release\onsetdetectionfunction.obj
d:\audiobeatgenerator\x64\release\mfcc.obj
d:\audiobeatgenerator\x64\release\gist.obj
d:\audiobeatgenerator\x64\release\windowfunctions.obj
d:\audiobeatgenerator\x64\release\coretimedomainfeatures.obj
d:\audiobeatgenerator\x64\release\corefrequencydomainfeatures.obj
d:\audiobeatgenerator\x64\release\kiss_fft.obj
d:\audiobeatgenerator\x64\release\audiobeatmain.obj
d:\audiobeatgenerator\audiobeatmain.exe
d:\audiobeatgenerator\audiobeatmain.ilk
d:\audiobeatgenerator\vsoutput\audiobeatmain.pdb
d:\audiobeatgenerator\.\audiobeatmain.exe
d:\audiobeatgenerator\x64\release\audiobea.08c74825.tlog\cl.command.1.tlog
d:\audiobeatgenerator\x64\release\audiobea.08c74825.tlog\cl.read.1.tlog
d:\audiobeatgenerator\x64\release\audiobea.08c74825.tlog\cl.write.1.tlog
d:\audiobeatgenerator\x64\release\audiobea.08c74825.tlog\link.command.1.tlog
d:\audiobeatgenerator\x64\release\audiobea.08c74825.tlog\link.read.1.tlog
d:\audiobeatgenerator\x64\release\audiobea.08c74825.tlog\link.write.1.tlog
